[debug] [2025-07-28T14:03:47.610Z] ----------------------------------------------------------------------
[debug] [2025-07-28T14:03:47.613Z] Command:       C:\Program Files\nodejs\node.exe C:\Users\S I F A T\AppData\Roaming\npm\node_modules\firebase-tools\lib\bin\firebase.js deploy --only firestore:indexes
[debug] [2025-07-28T14:03:47.613Z] CLI Version:   14.11.0
[debug] [2025-07-28T14:03:47.613Z] Platform:      win32
[debug] [2025-07-28T14:03:47.613Z] Node Version:  v22.13.1
[debug] [2025-07-28T14:03:47.614Z] Time:          Mon Jul 28 2025 20:03:47 GMT+0600 (Bangladesh Standard Time)
[debug] [2025-07-28T14:03:47.614Z] ----------------------------------------------------------------------
[debug] 
[debug] [2025-07-28T14:03:47.850Z] > command requires scopes: ["email","openid","https://www.googleapis.com/auth/cloudplatformprojects.readonly","https://www.googleapis.com/auth/firebase","https://www.googleapis.com/auth/cloud-platform"]
[debug] [2025-07-28T14:03:47.850Z] > authorizing via signed-in user (sifatali008@gmail.com)
[debug] [2025-07-28T14:03:47.851Z] [iam] checking project hdms-a8e42 for permissions ["datastore.indexes.create","datastore.indexes.delete","datastore.indexes.list","datastore.indexes.update","firebase.projects.get"]
[debug] [2025-07-28T14:03:47.852Z] Checked if tokens are valid: true, expires at: 1753714083386
[debug] [2025-07-28T14:03:47.852Z] Checked if tokens are valid: true, expires at: 1753714083386
[debug] [2025-07-28T14:03:47.854Z] >>> [apiv2][query] POST https://cloudresourcemanager.googleapis.com/v1/projects/hdms-a8e42:testIamPermissions [none]
[debug] [2025-07-28T14:03:47.854Z] >>> [apiv2][(partial)header] POST https://cloudresourcemanager.googleapis.com/v1/projects/hdms-a8e42:testIamPermissions x-goog-quota-user=projects/hdms-a8e42
[debug] [2025-07-28T14:03:47.854Z] >>> [apiv2][body] POST https://cloudresourcemanager.googleapis.com/v1/projects/hdms-a8e42:testIamPermissions {"permissions":["datastore.indexes.create","datastore.indexes.delete","datastore.indexes.list","datastore.indexes.update","firebase.projects.get"]}
[debug] [2025-07-28T14:03:49.292Z] <<< [apiv2][status] POST https://cloudresourcemanager.googleapis.com/v1/projects/hdms-a8e42:testIamPermissions 200
[debug] [2025-07-28T14:03:49.293Z] <<< [apiv2][body] POST https://cloudresourcemanager.googleapis.com/v1/projects/hdms-a8e42:testIamPermissions {"permissions":["datastore.indexes.create","datastore.indexes.delete","datastore.indexes.list","datastore.indexes.update","firebase.projects.get"]}
[info] 
[info] === Deploying to 'hdms-a8e42'...
[info] 
[info] i  deploying firestore 
[info] i  firestore: reading indexes from firestore.indexes-enhanced.json... 
[info] i  cloud.firestore: checking firestore.rules-enhanced for compilation errors... 
[debug] [2025-07-28T14:03:49.303Z] Checked if tokens are valid: true, expires at: 1753714083386
[debug] [2025-07-28T14:03:49.304Z] Checked if tokens are valid: true, expires at: 1753714083386
[debug] [2025-07-28T14:03:49.304Z] >>> [apiv2][query] POST https://firebaserules.googleapis.com/v1/projects/hdms-a8e42:test [none]
[debug] [2025-07-28T14:03:49.305Z] >>> [apiv2][body] POST https://firebaserules.googleapis.com/v1/projects/hdms-a8e42:test [omitted]
[debug] [2025-07-28T14:03:50.820Z] <<< [apiv2][status] POST https://firebaserules.googleapis.com/v1/projects/hdms-a8e42:test 200
[debug] [2025-07-28T14:03:50.820Z] <<< [apiv2][body] POST https://firebaserules.googleapis.com/v1/projects/hdms-a8e42:test {}
[info] +  cloud.firestore: rules file firestore.rules-enhanced compiled successfully 
[debug] [2025-07-28T14:03:50.823Z] Checked if tokens are valid: true, expires at: 1753714083386
[debug] [2025-07-28T14:03:50.823Z] Checked if tokens are valid: true, expires at: 1753714083386
[debug] [2025-07-28T14:03:50.824Z] >>> [apiv2][query] GET https://firestore.googleapis.com/v1/projects/hdms-a8e42/databases/(default) [none]
[debug] [2025-07-28T14:03:52.420Z] <<< [apiv2][status] GET https://firestore.googleapis.com/v1/projects/hdms-a8e42/databases/(default) 200
[debug] [2025-07-28T14:03:52.420Z] <<< [apiv2][body] GET https://firestore.googleapis.com/v1/projects/hdms-a8e42/databases/(default) {"name":"projects/hdms-a8e42/databases/(default)","uid":"5ae1cc0d-a523-4338-8821-832073091472","createTime":"2025-07-16T09:39:05.815733Z","updateTime":"2025-07-16T09:39:05.815733Z","locationId":"nam5","type":"FIRESTORE_NATIVE","concurrencyMode":"PESSIMISTIC","versionRetentionPeriod":"3600s","earliestVersionTime":"2025-07-28T13:03:51.402084Z","appEngineIntegrationMode":"DISABLED","keyPrefix":"s","pointInTimeRecoveryEnablement":"POINT_IN_TIME_RECOVERY_DISABLED","deleteProtectionState":"DELETE_PROTECTION_DISABLED","databaseEdition":"STANDARD","freeTier":true,"etag":"IIKAoZfc344DMLGlx+uKwY4D"}
[info] i  firestore: deploying indexes... 
[debug] [2025-07-28T14:03:52.424Z] Checked if tokens are valid: true, expires at: 1753714083386
[debug] [2025-07-28T14:03:52.424Z] Checked if tokens are valid: true, expires at: 1753714083386
[debug] [2025-07-28T14:03:52.424Z] >>> [apiv2][query] GET https://firestore.googleapis.com/v1/projects/hdms-a8e42/databases/(default)/collectionGroups/-/indexes [none]
[debug] [2025-07-28T14:03:52.826Z] <<< [apiv2][status] GET https://firestore.googleapis.com/v1/projects/hdms-a8e42/databases/(default)/collectionGroups/-/indexes 200
[debug] [2025-07-28T14:03:52.826Z] <<< [apiv2][body] GET https://firestore.googleapis.com/v1/projects/hdms-a8e42/databases/(default)/collectionGroups/-/indexes {"indexes":[{"name":"projects/hdms-a8e42/databases/(default)/collectionGroups/enhancedClinicalDatabase/indexes/CICAgLjRyYIJ","queryScope":"COLLECTION","fields":[{"fieldPath":"enhancedAnalytics.qualityMetrics.consistencyScore","order":"DESCENDING"},{"fieldPath":"status","order":"ASCENDING"},{"fieldPath":"__name__","order":"ASCENDING"}],"state":"READY","density":"SPARSE_ALL"},{"name":"projects/hdms-a8e42/databases/(default)/collectionGroups/enhancedClinicalDatabase/indexes/CICAgJiHgokJ","queryScope":"COLLECTION","fields":[{"fieldPath":"metadata.createdAt","order":"DESCENDING"},{"fieldPath":"status","order":"ASCENDING"},{"fieldPath":"__name__","order":"ASCENDING"}],"state":"READY","density":"SPARSE_ALL"},{"name":"projects/hdms-a8e42/databases/(default)/collectionGroups/enhancedClinicalDatabase/indexes/CICAgPjChIAK","queryScope":"COLLECTION","fields":[{"fieldPath":"searchIndex.specialties","order":"ASCENDING"},{"fieldPath":"status","order":"ASCENDING"},{"fieldPath":"__name__","order":"ASCENDING"}],"state":"READY","density":"SPARSE_ALL"},{"name":"projects/hdms-a8e42/databases/(default)/collectionGroups/clinicalLogic/indexes/CICAgNiav4AK","queryScope":"COLLECTION","fields":[{"fieldPath":"urbanRuralBias","order":"ASCENDING"},{"fieldPath":"submissionDate","order":"DESCENDING"},{"fieldPath":"__name__","order":"DESCENDING"}],"state":"READY","density":"SPARSE_ALL"},{"name":"projects/hdms-a8e42/databases/(default)/collectionGroups/contributors/indexes/CICAgJim14AK","queryScope":"COLLECTION","fields":[{"fieldPath":"lastSubmission","order":"DESCENDING"},{"fieldPath":"submissionCount","order":"DESCENDING"},{"fieldPath":"__name__","order":"DESCENDING"}],"state":"READY","density":"SPARSE_ALL"},{"name":"projects/hdms-a8e42/databases/(default)/collectionGroups/enhancedClinicalDatabase/indexes/CICAgLjy8IAK","queryScope":"COLLECTION","fields":[{"fieldPath":"validation.overallScore","order":"DESCENDING"},{"fieldPath":"status","order":"ASCENDING"},{"fieldPath":"__name__","order":"ASCENDING"}],"state":"READY","density":"SPARSE_ALL"},{"name":"projects/hdms-a8e42/databases/(default)/collectionGroups/enhancedClinicalDatabase/indexes/CICAgPi9lIEK","queryScope":"COLLECTION","fields":[{"fieldPath":"enhancedAnalytics.qualityMetrics.accuracyScore","order":"DESCENDING"},{"fieldPath":"status","order":"ASCENDING"},{"fieldPath":"__name__","order":"ASCENDING"}],"state":"READY","density":"SPARSE_ALL"},{"name":"projects/hdms-a8e42/databases/(default)/collectionGroups/clinicalLogic/indexes/CICAgNiroIEK","queryScope":"COLLECTION","fields":[{"fieldPath":"userId","order":"ASCENDING"},{"fieldPath":"submissionDate","order":"DESCENDING"},{"fieldPath":"__name__","order":"DESCENDING"}],"state":"READY","density":"SPARSE_ALL"},{"name":"projects/hdms-a8e42/databases/(default)/collectionGroups/clinicalLogic/indexes/CICAgJj7z4EK","queryScope":"COLLECTION","fields":[{"fieldPath":"physicianName","order":"ASCENDING"},{"fieldPath":"submissionDate","order":"DESCENDING"},{"fieldPath":"__name__","order":"DESCENDING"}],"state":"READY","density":"SPARSE_ALL"},{"name":"projects/hdms-a8e42/databases/(default)/collectionGroups/enhancedClinicalDatabase/indexes/CICAgLiT6IEK","queryScope":"COLLECTION","fields":[{"fieldPath":"searchIndex.keywords","order":"ASCENDING"},{"fieldPath":"status","order":"ASCENDING"},{"fieldPath":"__name__","order":"ASCENDING"}],"state":"READY","density":"SPARSE_ALL"},{"name":"projects/hdms-a8e42/databases/(default)/collectionGroups/clinicalLogic/indexes/CICAgNjpgYIK","queryScope":"COLLECTION","fields":[{"fieldPath":"submissionDate","order":"DESCENDING"},{"fieldPath":"diseaseType","order":"ASCENDING"},{"fieldPath":"__name__","order":"ASCENDING"}],"state":"READY","density":"SPARSE_ALL"},{"name":"projects/hdms-a8e42/databases/(default)/collectionGroups/enhancedClinicalDatabase/indexes/CICAgPj-pYIK","queryScope":"COLLECTION","fields":[{"fieldPath":"crossFormValidation.parameterValidationScore","order":"DESCENDING"},{"fieldPath":"status","order":"ASCENDING"},{"fieldPath":"__name__","order":"ASCENDING"}],"state":"READY","density":"SPARSE_ALL"},{"name":"projects/hdms-a8e42/databases/(default)/collectionGroups/enhancedClinicalDatabase/indexes/CICAgLjRyYIK","queryScope":"COLLECTION","fields":[{"fieldPath":"crossFormValidation.overallConsistencyScore","order":"DESCENDING"},{"fieldPath":"status","order":"ASCENDING"},{"fieldPath":"__name__","order":"ASCENDING"}],"state":"READY","density":"SPARSE_ALL"},{"name":"projects/hdms-a8e42/databases/(default)/collectionGroups/enhancedClinicalDatabase/indexes/CICAgLiIkYMK","queryScope":"COLLECTION","fields":[{"fieldPath":"diseaseType","order":"ASCENDING"},{"fieldPath":"status","order":"ASCENDING"},{"fieldPath":"submittedAt","order":"DESCENDING"},{"fieldPath":"__name__","order":"DESCENDING"}],"state":"READY","density":"SPARSE_ALL"},{"name":"projects/hdms-a8e42/databases/(default)/collectionGroups/clinicalLogic/indexes/CICAgJiUpoMK","queryScope":"COLLECTION","fields":[{"fieldPath":"submissionDate","order":"DESCENDING"},{"fieldPath":"createdAt","order":"DESCENDING"},{"fieldPath":"__name__","order":"DESCENDING"}],"state":"READY","density":"SPARSE_ALL"},{"name":"projects/hdms-a8e42/databases/(default)/collectionGroups/enhancedClinicalDatabase/indexes/CICAgPig2YMK","queryScope":"COLLECTION","fields":[{"fieldPath":"diseaseName","order":"ASCENDING"},{"fieldPath":"status","order":"ASCENDING"},{"fieldPath":"__name__","order":"ASCENDING"}],"state":"READY","density":"SPARSE_ALL"},{"name":"projects/hdms-a8e42/databases/(default)/collectionGroups/clinicalLogic/indexes/CICAgNi47oMK","queryScope":"COLLECTION","fields":[{"fieldPath":"diseaseType","order":"ASCENDING"},{"fieldPath":"submissionDate","order":"DESCENDING"},{"fieldPath":"__name__","order":"DESCENDING"}],"state":"READY","density":"SPARSE_ALL"},{"name":"projects/hdms-a8e42/databases/(default)/collectionGroups/enhancedClinicalDatabase/indexes/CICAgLjyuogK","queryScope":"COLLECTION","fields":[{"fieldPath":"searchIndex.regions","order":"ASCENDING"},{"fieldPath":"status","order":"ASCENDING"},{"fieldPath":"__name__","order":"ASCENDING"}],"state":"READY","density":"SPARSE_ALL"},{"name":"projects/hdms-a8e42/databases/(default)/collectionGroups/enhancedClinicalDatabase/indexes/CICAgNja0ogK","queryScope":"COLLECTION","fields":[{"fieldPath":"metadata.updatedAt","order":"DESCENDING"},{"fieldPath":"status","order":"ASCENDING"},{"fieldPath":"__name__","order":"ASCENDING"}],"state":"READY","density":"SPARSE_ALL"},{"name":"projects/hdms-a8e42/databases/(default)/collectionGroups/enhancedClinicalDatabase/indexes/CICAgJiHgokK","queryScope":"COLLECTION","fields":[{"fieldPath":"formType","order":"ASCENDING"},{"fieldPath":"status","order":"ASCENDING"},{"fieldPath":"submittedAt","order":"DESCENDING"},{"fieldPath":"__name__","order":"DESCENDING"}],"state":"READY","density":"SPARSE_ALL"},{"name":"projects/hdms-a8e42/databases/(default)/collectionGroups/enhancedClinicalDatabase/indexes/CICAgNjp84oK","queryScope":"COLLECTION","fields":[{"fieldPath":"crossFormValidation.dataCompletenessScore","order":"DESCENDING"},{"fieldPath":"status","order":"ASCENDING"},{"fieldPath":"__name__","order":"ASCENDING"}],"state":"READY","density":"SPARSE_ALL"},{"name":"projects/hdms-a8e42/databases/(default)/collectionGroups/enhancedClinicalDatabase/indexes/CICAgJiUzYsK","queryScope":"COLLECTION","fields":[{"fieldPath":"searchIndex.categories","order":"ASCENDING"},{"fieldPath":"status","order":"ASCENDING"},{"fieldPath":"__name__","order":"ASCENDING"}],"state":"READY","density":"SPARSE_ALL"},{"name":"projects/hdms-a8e42/databases/(default)/collectionGroups/enhancedClinicalDatabase/indexes/CICAgNirtJAK","queryScope":"COLLECTION","fields":[{"fieldPath":"metadata.priority","order":"ASCENDING"},{"fieldPath":"status","order":"ASCENDING"},{"fieldPath":"__name__","order":"ASCENDING"}],"state":"READY","density":"SPARSE_ALL"},{"name":"projects/hdms-a8e42/databases/(default)/collectionGroups/advancedClinicalAnalytics/indexes/CICAgJiH2JAK","queryScope":"COLLECTION","fields":[{"fieldPath":"userId","order":"ASCENDING"},{"fieldPath":"submissionDate","order":"DESCENDING"},{"fieldPath":"__name__","order":"DESCENDING"}],"state":"READY","density":"SPARSE_ALL"},{"name":"projects/hdms-a8e42/databases/(default)/collectionGroups/comprehensiveParameterValidation/indexes/CICAgJjmiJEK","queryScope":"COLLECTION","fields":[{"fieldPath":"userId","order":"ASCENDING"},{"fieldPath":"submissionDate","order":"DESCENDING"},{"fieldPath":"__name__","order":"DESCENDING"}],"state":"READY","density":"SPARSE_ALL"},{"name":"projects/hdms-a8e42/databases/(default)/collectionGroups/enhancedClinicalDatabase/indexes/CICAgLjyrJEK","queryScope":"COLLECTION","fields":[{"fieldPath":"enhancedAnalytics.qualityMetrics.clinicalRelevanceScore","order":"DESCENDING"},{"fieldPath":"status","order":"ASCENDING"},{"fieldPath":"__name__","order":"ASCENDING"}],"state":"READY","density":"SPARSE_ALL"},{"name":"projects/hdms-a8e42/databases/(default)/collectionGroups/clinicalLogic/indexes/CICAgNjaxJEK","queryScope":"COLLECTION","fields":[{"fieldPath":"physicianName","order":"ASCENDING"},{"fieldPath":"institution","order":"ASCENDING"},{"fieldPath":"__name__","order":"ASCENDING"}],"state":"READY","density":"SPARSE_ALL"},{"name":"projects/hdms-a8e42/databases/(default)/collectionGroups/enhancedClinicalDatabase/indexes/CICAgLiIjZIK","queryScope":"COLLECTION","fields":[{"fieldPath":"metadata.tags","order":"ASCENDING"},{"fieldPath":"status","order":"ASCENDING"},{"fieldPath":"__name__","order":"ASCENDING"}],"state":"READY","density":"SPARSE_ALL"},{"name":"projects/hdms-a8e42/databases/(default)/collectionGroups/enhancedClinicalDatabase/indexes/CICAgJiUsZIK","queryScope":"COLLECTION","fields":[{"fieldPath":"enhancedAnalytics.qualityMetrics.dataQualityScore","order":"DESCENDING"},{"fieldPath":"status","order":"ASCENDING"},{"fieldPath":"__name__","order":"ASCENDING"}],"state":"READY","density":"SPARSE_ALL"},{"name":"projects/hdms-a8e42/databases/(default)/collectionGroups/enhancedClinicalDatabase/indexes/CICAgPigw5IK","queryScope":"COLLECTION","fields":[{"fieldPath":"crossFormValidation.analyticsValidationScore","order":"DESCENDING"},{"fieldPath":"status","order":"ASCENDING"},{"fieldPath":"__name__","order":"ASCENDING"}],"state":"READY","density":"SPARSE_ALL"},{"name":"projects/hdms-a8e42/databases/(default)/collectionGroups/enhancedClinicalDatabase/indexes/CICAgNi4-ZIK","queryScope":"COLLECTION","fields":[{"fieldPath":"crossFormValidation.implementationReadinessScore","order":"DESCENDING"},{"fieldPath":"status","order":"ASCENDING"},{"fieldPath":"__name__","order":"ASCENDING"}],"state":"READY","density":"SPARSE_ALL"},{"name":"projects/hdms-a8e42/databases/(default)/collectionGroups/enhancedClinicalDatabase/indexes/CICAgLjRnZMK","queryScope":"COLLECTION","fields":[{"fieldPath":"enhancedAnalytics.riskAssessment.treatmentComplexity.score","order":"DESCENDING"},{"fieldPath":"status","order":"ASCENDING"},{"fieldPath":"__name__","order":"ASCENDING"}],"state":"READY","density":"SPARSE_ALL"},{"name":"projects/hdms-a8e42/databases/(default)/collectionGroups/enhancedClinicalDatabase/indexes/CICAgJjFqZMK","queryScope":"COLLECTION","fields":[{"fieldPath":"enhancedAnalytics.qualityMetrics.implementationReadinessScore","order":"DESCENDING"},{"fieldPath":"status","order":"ASCENDING"},{"fieldPath":"__name__","order":"ASCENDING"}],"state":"READY","density":"SPARSE_ALL"},{"name":"projects/hdms-a8e42/databases/(default)/collectionGroups/enhancedClinicalDatabase/indexes/CICAgNjp5ZMK","queryScope":"COLLECTION","fields":[{"fieldPath":"collaboratorId","order":"ASCENDING"},{"fieldPath":"status","order":"ASCENDING"},{"fieldPath":"submittedAt","order":"DESCENDING"},{"fieldPath":"__name__","order":"DESCENDING"}],"state":"READY","density":"SPARSE_ALL"}]}
[debug] [2025-07-28T14:03:52.826Z] Checked if tokens are valid: true, expires at: 1753714083386
[debug] [2025-07-28T14:03:52.826Z] Checked if tokens are valid: true, expires at: 1753714083386
[debug] [2025-07-28T14:03:52.827Z] >>> [apiv2][query] GET https://firestore.googleapis.com/v1/projects/hdms-a8e42/databases/(default)/collectionGroups/-/fields?filter=indexConfig.usesAncestorConfig=false OR ttlConfig:* [none]
[debug] [2025-07-28T14:03:53.142Z] <<< [apiv2][status] GET https://firestore.googleapis.com/v1/projects/hdms-a8e42/databases/(default)/collectionGroups/-/fields?filter=indexConfig.usesAncestorConfig=false OR ttlConfig:* 200
[debug] [2025-07-28T14:03:53.142Z] <<< [apiv2][body] GET https://firestore.googleapis.com/v1/projects/hdms-a8e42/databases/(default)/collectionGroups/-/fields?filter=indexConfig.usesAncestorConfig=false OR ttlConfig:* {"fields":[{"name":"projects/hdms-a8e42/databases/(default)/collectionGroups/__default__/fields/*","indexConfig":{"indexes":[{"queryScope":"COLLECTION","fields":[{"fieldPath":"*","order":"ASCENDING"}],"state":"READY"},{"queryScope":"COLLECTION","fields":[{"fieldPath":"*","order":"DESCENDING"}],"state":"READY"},{"queryScope":"COLLECTION","fields":[{"fieldPath":"*","arrayConfig":"CONTAINS"}],"state":"READY"}]}},{"name":"projects/hdms-a8e42/databases/(default)/collectionGroups/enhancedClinicalDatabase/fields/diseaseId","indexConfig":{"indexes":[{"queryScope":"COLLECTION","fields":[{"fieldPath":"diseaseId","order":"ASCENDING"}],"state":"READY"}],"ancestorField":"projects/hdms-a8e42/databases/(default)/collectionGroups/__default__/fields/*"}},{"name":"projects/hdms-a8e42/databases/(default)/collectionGroups/enhancedClinicalDatabase/fields/submissionId","indexConfig":{"indexes":[{"queryScope":"COLLECTION","fields":[{"fieldPath":"submissionId","order":"ASCENDING"}],"state":"READY"}],"ancestorField":"projects/hdms-a8e42/databases/(default)/collectionGroups/__default__/fields/*"}},{"name":"projects/hdms-a8e42/databases/(default)/collectionGroups/enhancedClinicalDatabase/fields/version","indexConfig":{"indexes":[{"queryScope":"COLLECTION","fields":[{"fieldPath":"version","order":"ASCENDING"}],"state":"READY"}],"ancestorField":"projects/hdms-a8e42/databases/(default)/collectionGroups/__default__/fields/*"}}]}
[info] i  firestore: The following indexes are defined in your project but are not present in your firestore indexes file:
	(enhancedClinicalDatabase) -- (enhancedAnalytics.qualityMetrics.consistencyScore,DESCENDING) (status,ASCENDING) 
	(enhancedClinicalDatabase) -- (metadata.createdAt,DESCENDING) (status,ASCENDING) 
	(enhancedClinicalDatabase) -- (searchIndex.specialties,ASCENDING) (status,ASCENDING) 
	(clinicalLogic) -- (urbanRuralBias,ASCENDING) (submissionDate,DESCENDING) 
	(contributors) -- (lastSubmission,DESCENDING) (submissionCount,DESCENDING) 
	(enhancedClinicalDatabase) -- (validation.overallScore,DESCENDING) (status,ASCENDING) 
	(enhancedClinicalDatabase) -- (enhancedAnalytics.qualityMetrics.accuracyScore,DESCENDING) (status,ASCENDING) 
	(clinicalLogic) -- (userId,ASCENDING) (submissionDate,DESCENDING) 
	(clinicalLogic) -- (physicianName,ASCENDING) (submissionDate,DESCENDING) 
	(enhancedClinicalDatabase) -- (searchIndex.keywords,ASCENDING) (status,ASCENDING) 
	(clinicalLogic) -- (submissionDate,DESCENDING) (diseaseType,ASCENDING) 
	(enhancedClinicalDatabase) -- (crossFormValidation.parameterValidationScore,DESCENDING) (status,ASCENDING) 
	(enhancedClinicalDatabase) -- (crossFormValidation.overallConsistencyScore,DESCENDING) (status,ASCENDING) 
	(enhancedClinicalDatabase) -- (diseaseType,ASCENDING) (status,ASCENDING) (submittedAt,DESCENDING) 
	(clinicalLogic) -- (submissionDate,DESCENDING) (createdAt,DESCENDING) 
	(enhancedClinicalDatabase) -- (diseaseName,ASCENDING) (status,ASCENDING) 
	(clinicalLogic) -- (diseaseType,ASCENDING) (submissionDate,DESCENDING) 
	(enhancedClinicalDatabase) -- (searchIndex.regions,ASCENDING) (status,ASCENDING) 
	(enhancedClinicalDatabase) -- (metadata.updatedAt,DESCENDING) (status,ASCENDING) 
	(enhancedClinicalDatabase) -- (formType,ASCENDING) (status,ASCENDING) (submittedAt,DESCENDING) 
	(enhancedClinicalDatabase) -- (crossFormValidation.dataCompletenessScore,DESCENDING) (status,ASCENDING) 
	(enhancedClinicalDatabase) -- (searchIndex.categories,ASCENDING) (status,ASCENDING) 
	(enhancedClinicalDatabase) -- (metadata.priority,ASCENDING) (status,ASCENDING) 
	(advancedClinicalAnalytics) -- (userId,ASCENDING) (submissionDate,DESCENDING) 
	(comprehensiveParameterValidation) -- (userId,ASCENDING) (submissionDate,DESCENDING) 
	(enhancedClinicalDatabase) -- (enhancedAnalytics.qualityMetrics.clinicalRelevanceScore,DESCENDING) (status,ASCENDING) 
	(clinicalLogic) -- (physicianName,ASCENDING) (institution,ASCENDING) 
	(enhancedClinicalDatabase) -- (metadata.tags,ASCENDING) (status,ASCENDING) 
	(enhancedClinicalDatabase) -- (enhancedAnalytics.qualityMetrics.dataQualityScore,DESCENDING) (status,ASCENDING) 
	(enhancedClinicalDatabase) -- (crossFormValidation.analyticsValidationScore,DESCENDING) (status,ASCENDING) 
	(enhancedClinicalDatabase) -- (crossFormValidation.implementationReadinessScore,DESCENDING) (status,ASCENDING) 
	(enhancedClinicalDatabase) -- (enhancedAnalytics.riskAssessment.treatmentComplexity.score,DESCENDING) (status,ASCENDING) 
	(enhancedClinicalDatabase) -- (enhancedAnalytics.qualityMetrics.implementationReadinessScore,DESCENDING) (status,ASCENDING) 
	(enhancedClinicalDatabase) -- (collaboratorId,ASCENDING) (status,ASCENDING) (submittedAt,DESCENDING)  
[debug] [2025-07-28T14:07:08.808Z] ExitPromptError: User force closed the prompt with SIGINT
    at Interface.sigint (C:\Users\S I F A T\AppData\Roaming\npm\node_modules\firebase-tools\node_modules\@inquirer\core\dist\commonjs\lib\create-prompt.js:101:37)
    at Interface.emit (node:events:524:28)
    at Interface.emit (node:domain:489:12)
    at [_ttyWrite] [as _ttyWrite] (node:internal/readline/interface:1124:18)
    at ReadStream.onkeypress (node:internal/readline/interface:263:20)
    at ReadStream.emit (node:events:536:35)
    at ReadStream.emit (node:domain:489:12)
    at emitKeys (node:internal/readline/utils:370:14)
    at emitKeys.next (<anonymous>)
    at ReadStream.onData (node:internal/readline/emitKeypressEvents:64:36)
[error] 
[error] Error: An unexpected error has occurred.
